2026-03-22 17:49:47.305 [main        ] INFO  r.k.s.b.d.SpringBootSecurityDemoApplication - Starting SpringBootSecurityDemoApplication using Java 17.0.16 on HOME-PC with PID 4188 (C:\Users\Пользователь\Desktop\-3.1.3-Bootstrap\target\classes started by Пользователь in C:\Users\Пользователь\Desktop\-3.1.3-Bootstrap)
2026-03-22 17:49:47.312 [main        ] DEBUG r.k.s.b.d.SpringBootSecurityDemoApplication - Running with Spring Boot v2.6.2, Spring v5.3.14
2026-03-22 17:49:47.313 [main        ] INFO  r.k.s.b.d.SpringBootSecurityDemoApplication - No active profile set, falling back to default profiles: default
2026-03-22 17:49:48.976 [main        ] WARN  o.s.b.a.o.j.JpaBaseConfiguration$JpaWebConfiguration - spring.jpa.open-in-view is enabled by default. Therefore, database queries may be performed during view rendering. Explicitly configure spring.jpa.open-in-view to disable this warning
2026-03-22 17:49:49.080 [main        ] DEBUG o.s.s.w.a.e.ExpressionBasedFilterInvocationSecurityMetadataSource - Adding web access control expression [permitAll] for ExactUrl [processUrl='/login?error']
2026-03-22 17:49:49.082 [main        ] DEBUG o.s.s.w.a.e.ExpressionBasedFilterInvocationSecurityMetadataSource - Adding web access control expression [permitAll] for ExactUrl [processUrl='/login']
2026-03-22 17:49:49.082 [main        ] DEBUG o.s.s.w.a.e.ExpressionBasedFilterInvocationSecurityMetadataSource - Adding web access control expression [permitAll] for ExactUrl [processUrl='/login']
2026-03-22 17:49:49.082 [main        ] DEBUG o.s.s.w.a.e.ExpressionBasedFilterInvocationSecurityMetadataSource - Adding web access control expression [permitAll] for Ant [pattern='/logout', POST]
2026-03-22 17:49:49.082 [main        ] DEBUG o.s.s.w.a.e.ExpressionBasedFilterInvocationSecurityMetadataSource - Adding web access control expression [permitAll] for ExactUrl [processUrl='/login']
2026-03-22 17:49:49.083 [main        ] DEBUG o.s.s.w.a.e.ExpressionBasedFilterInvocationSecurityMetadataSource - Adding web access control expression [permitAll] for Ant [pattern='/']
2026-03-22 17:49:49.083 [main        ] DEBUG o.s.s.w.a.e.ExpressionBasedFilterInvocationSecurityMetadataSource - Adding web access control expression [permitAll] for Ant [pattern='/login']
2026-03-22 17:49:49.083 [main        ] DEBUG o.s.s.w.a.e.ExpressionBasedFilterInvocationSecurityMetadataSource - Adding web access control expression [permitAll] for Ant [pattern='/error']
2026-03-22 17:49:49.083 [main        ] DEBUG o.s.s.w.a.e.ExpressionBasedFilterInvocationSecurityMetadataSource - Adding web access control expression [hasRole('ROLE_ADMIN')] for Ant [pattern='/admin/**']
2026-03-22 17:49:49.084 [main        ] DEBUG o.s.s.w.a.e.ExpressionBasedFilterInvocationSecurityMetadataSource - Adding web access control expression [hasAnyRole('ROLE_USER','ROLE_ADMIN')] for Ant [pattern='/user/**']
2026-03-22 17:49:49.084 [main        ] DEBUG o.s.s.w.a.e.ExpressionBasedFilterInvocationSecurityMetadataSource - Adding web access control expression [authenticated] for any request
2026-03-22 17:49:49.089 [main        ] INFO  o.s.s.web.DefaultSecurityFilterChain     - Will secure any request with [org.springframework.security.web.context.request.async.WebAsyncManagerIntegrationFilter@682d9f21, org.springframework.security.web.context.SecurityContextPersistenceFilter@77f04d1a, org.springframework.security.web.header.HeaderWriterFilter@2560a7be, org.springframework.security.web.csrf.CsrfFilter@7057dbda, org.springframework.security.web.authentication.logout.LogoutFilter@32cde414, org.springframework.security.web.authentication.UsernamePasswordAuthenticationFilter@687f62a5, org.springframework.security.web.authentication.ui.DefaultLoginPageGeneratingFilter@b87ea8b, org.springframework.security.web.authentication.ui.DefaultLogoutPageGeneratingFilter@2e64ae1a, org.springframework.security.web.savedrequest.RequestCacheAwareFilter@2fb70301, org.springframework.security.web.servletapi.SecurityContextHolderAwareRequestFilter@7d3815f7, org.springframework.security.web.authentication.AnonymousAuthenticationFilter@6eadd342, org.springframework.security.web.session.SessionManagementFilter@59aa2fba, org.springframework.security.web.access.ExceptionTranslationFilter@36d39655, org.springframework.security.web.access.intercept.FilterSecurityInterceptor@6f1163f7]
2026-03-22 17:49:49.222 [main        ] DEBUG o.s.w.s.m.m.a.RequestMappingHandlerMapping - 7 mappings in 'requestMappingHandlerMapping'
2026-03-22 17:49:49.349 [main        ] INFO  r.k.s.b.d.SpringBootSecurityDemoApplication - Started SpringBootSecurityDemoApplication in 2.318 seconds (JVM running for 2.542)
2026-03-22 17:49:49.434 [main        ] DEBUG org.hibernate.SQL                        - select role0_.id as id1_0_, role0_.name as name2_0_ from roles role0_ where role0_.name=? limit ?
2026-03-22 17:49:49.436 [main        ] TRACE o.h.type.descriptor.sql.BasicBinder      - binding parameter [1] as [VARCHAR] - [ROLE_ADMIN]
2026-03-22 17:49:49.444 [main        ] DEBUG org.hibernate.SQL                        - select role0_.id as id1_0_, role0_.name as name2_0_ from roles role0_ where role0_.name=? limit ?
2026-03-22 17:49:49.445 [main        ] TRACE o.h.type.descriptor.sql.BasicBinder      - binding parameter [1] as [VARCHAR] - [ROLE_USER]
2026-03-22 17:49:49.449 [main        ] DEBUG org.hibernate.SQL                        - select distinct user0_.id as id1_1_0_, role2_.id as id1_0_1_, user0_.age as age2_1_0_, user0_.email as email3_1_0_, user0_.last_name as last_nam4_1_0_, user0_.name as name5_1_0_, user0_.password as password6_1_0_, role2_.name as name2_0_1_, roles1_.user_id as user_id1_2_0__, roles1_.role_id as role_id2_2_0__ from users user0_ left outer join users_roles roles1_ on user0_.id=roles1_.user_id left outer join roles role2_ on roles1_.role_id=role2_.id
2026-03-22 17:49:54.891 [http-nio-8080-exec-1] DEBUG o.s.security.web.FilterChainProxy        - Securing GET /
2026-03-22 17:49:54.893 [http-nio-8080-exec-1] DEBUG o.s.s.w.c.SecurityContextPersistenceFilter - Set SecurityContextHolder to empty SecurityContext
2026-03-22 17:49:54.895 [http-nio-8080-exec-1] DEBUG o.s.s.w.a.AnonymousAuthenticationFilter  - Set SecurityContextHolder to anonymous SecurityContext
2026-03-22 17:49:54.895 [http-nio-8080-exec-1] DEBUG o.s.s.w.s.SessionManagementFilter        - Request requested invalid session id D23630D6B05C09E36BC8F2C049D99372
2026-03-22 17:49:54.899 [http-nio-8080-exec-1] DEBUG o.s.s.w.a.i.FilterSecurityInterceptor    - Authorized filter invocation [GET /] with attributes [permitAll]
2026-03-22 17:49:54.899 [http-nio-8080-exec-1] DEBUG o.s.security.web.FilterChainProxy        - Secured GET /
2026-03-22 17:49:54.905 [http-nio-8080-exec-1] DEBUG o.s.s.w.c.HttpSessionSecurityContextRepository - Did not store anonymous SecurityContext
2026-03-22 17:49:54.906 [http-nio-8080-exec-1] DEBUG o.s.s.w.c.HttpSessionSecurityContextRepository - Did not store anonymous SecurityContext
2026-03-22 17:49:54.906 [http-nio-8080-exec-1] DEBUG o.s.s.w.c.SecurityContextPersistenceFilter - Cleared SecurityContextHolder to complete request
2026-03-22 17:49:54.911 [http-nio-8080-exec-2] DEBUG o.s.security.web.FilterChainProxy        - Securing GET /login
2026-03-22 17:49:54.911 [http-nio-8080-exec-2] DEBUG o.s.s.w.c.SecurityContextPersistenceFilter - Set SecurityContextHolder to empty SecurityContext
2026-03-22 17:49:54.934 [http-nio-8080-exec-2] DEBUG o.s.s.w.c.HttpSessionSecurityContextRepository - Did not store empty SecurityContext
2026-03-22 17:49:54.934 [http-nio-8080-exec-2] DEBUG o.s.s.w.c.HttpSessionSecurityContextRepository - Did not store empty SecurityContext
2026-03-22 17:49:54.934 [http-nio-8080-exec-2] DEBUG o.s.s.w.c.SecurityContextPersistenceFilter - Cleared SecurityContextHolder to complete request
2026-03-22 17:49:56.176 [http-nio-8080-exec-3] DEBUG o.s.security.web.FilterChainProxy        - Securing POST /login
2026-03-22 17:49:56.176 [http-nio-8080-exec-3] DEBUG o.s.s.w.c.SecurityContextPersistenceFilter - Set SecurityContextHolder to empty SecurityContext
2026-03-22 17:49:56.252 [http-nio-8080-exec-3] INFO  r.k.s.b.demo.aspect.LoggingAspect        - >>>> [AOP LOG] Entering: ru.kata.spring.boot_security.demo.service.CustomUserDetailsService.loadUserByUsername()
2026-03-22 17:49:56.253 [http-nio-8080-exec-3] INFO  r.k.s.b.demo.aspect.LoggingAspect        - >>>> [AOP ARGS] Arguments: [admin@example.com]
2026-03-22 17:49:56.255 [http-nio-8080-exec-3] INFO  r.k.s.b.d.s.CustomUserDetailsService     - Loading user details: email=admin@example.com
2026-03-22 17:49:56.257 [http-nio-8080-exec-3] DEBUG org.hibernate.SQL                        - select user0_.id as id1_1_0_, role2_.id as id1_0_1_, user0_.age as age2_1_0_, user0_.email as email3_1_0_, user0_.last_name as last_nam4_1_0_, user0_.name as name5_1_0_, user0_.password as password6_1_0_, role2_.name as name2_0_1_, roles1_.user_id as user_id1_2_0__, roles1_.role_id as role_id2_2_0__ from users user0_ left outer join users_roles roles1_ on user0_.id=roles1_.user_id left outer join roles role2_ on roles1_.role_id=role2_.id where user0_.email=?
2026-03-22 17:49:56.257 [http-nio-8080-exec-3] TRACE o.h.type.descriptor.sql.BasicBinder      - binding parameter [1] as [VARCHAR] - [admin@example.com]
2026-03-22 17:49:56.327 [http-nio-8080-exec-3] DEBUG o.s.s.a.d.DaoAuthenticationProvider      - Authenticated user
2026-03-22 17:49:56.328 [http-nio-8080-exec-3] DEBUG o.s.s.w.a.s.ChangeSessionIdAuthenticationStrategy - Changed session id from 520CC20388733771A115DA57F86CFCA0
2026-03-22 17:49:56.328 [http-nio-8080-exec-3] DEBUG o.s.s.w.c.CsrfAuthenticationStrategy     - Replaced CSRF Token
2026-03-22 17:49:56.328 [http-nio-8080-exec-3] DEBUG o.s.s.w.a.UsernamePasswordAuthenticationFilter - Set SecurityContextHolder to UsernamePasswordAuthenticationToken [Principal=ru.kata.spring.boot_security.demo.model.User@5dbbda94, Credentials=[PROTECTED], Authenticated=true, Details=WebAuthenticationDetails [RemoteIpAddress=0:0:0:0:0:0:0:1, SessionId=520CC20388733771A115DA57F86CFCA0], Granted Authorities=[ru.kata.spring.boot_security.demo.model.Role@bbe301f3, ru.kata.spring.boot_security.demo.model.Role@bf5c3a06]]
2026-03-22 17:49:56.329 [http-nio-8080-exec-3] DEBUG o.s.s.w.c.HttpSessionSecurityContextRepository - Stored SecurityContextImpl [Authentication=UsernamePasswordAuthenticationToken [Principal=ru.kata.spring.boot_security.demo.model.User@5dbbda94, Credentials=[PROTECTED], Authenticated=true, Details=WebAuthenticationDetails [RemoteIpAddress=0:0:0:0:0:0:0:1, SessionId=520CC20388733771A115DA57F86CFCA0], Granted Authorities=[ru.kata.spring.boot_security.demo.model.Role@bbe301f3, ru.kata.spring.boot_security.demo.model.Role@bf5c3a06]]] to HttpSession [org.apache.catalina.session.StandardSessionFacade@26449d26]
2026-03-22 17:49:56.329 [http-nio-8080-exec-3] DEBUG o.s.s.w.c.HttpSessionSecurityContextRepository - Stored SecurityContextImpl [Authentication=UsernamePasswordAuthenticationToken [Principal=ru.kata.spring.boot_security.demo.model.User@5dbbda94, Credentials=[PROTECTED], Authenticated=true, Details=WebAuthenticationDetails [RemoteIpAddress=0:0:0:0:0:0:0:1, SessionId=520CC20388733771A115DA57F86CFCA0], Granted Authorities=[ru.kata.spring.boot_security.demo.model.Role@bbe301f3, ru.kata.spring.boot_security.demo.model.Role@bf5c3a06]]] to HttpSession [org.apache.catalina.session.StandardSessionFacade@26449d26]
2026-03-22 17:49:56.329 [http-nio-8080-exec-3] DEBUG o.s.s.w.c.SecurityContextPersistenceFilter - Cleared SecurityContextHolder to complete request
2026-03-22 17:49:56.334 [http-nio-8080-exec-4] DEBUG o.s.security.web.FilterChainProxy        - Securing GET /admin
2026-03-22 17:49:56.334 [http-nio-8080-exec-4] DEBUG o.s.s.w.c.HttpSessionSecurityContextRepository - Retrieved SecurityContextImpl [Authentication=UsernamePasswordAuthenticationToken [Principal=ru.kata.spring.boot_security.demo.model.User@5dbbda94, Credentials=[PROTECTED], Authenticated=true, Details=WebAuthenticationDetails [RemoteIpAddress=0:0:0:0:0:0:0:1, SessionId=520CC20388733771A115DA57F86CFCA0], Granted Authorities=[ru.kata.spring.boot_security.demo.model.Role@bbe301f3, ru.kata.spring.boot_security.demo.model.Role@bf5c3a06]]]
2026-03-22 17:49:56.334 [http-nio-8080-exec-4] DEBUG o.s.s.w.c.SecurityContextPersistenceFilter - Set SecurityContextHolder to SecurityContextImpl [Authentication=UsernamePasswordAuthenticationToken [Principal=ru.kata.spring.boot_security.demo.model.User@5dbbda94, Credentials=[PROTECTED], Authenticated=true, Details=WebAuthenticationDetails [RemoteIpAddress=0:0:0:0:0:0:0:1, SessionId=520CC20388733771A115DA57F86CFCA0], Granted Authorities=[ru.kata.spring.boot_security.demo.model.Role@bbe301f3, ru.kata.spring.boot_security.demo.model.Role@bf5c3a06]]]
2026-03-22 17:49:56.334 [http-nio-8080-exec-4] DEBUG o.s.s.w.a.i.FilterSecurityInterceptor    - Authorized filter invocation [GET /admin] with attributes [hasRole('ROLE_ADMIN')]
2026-03-22 17:49:56.334 [http-nio-8080-exec-4] DEBUG o.s.security.web.FilterChainProxy        - Secured GET /admin
2026-03-22 17:49:56.335 [http-nio-8080-exec-4] DEBUG o.s.w.s.m.m.a.RequestMappingHandlerMapping - Mapped to ru.kata.spring.boot_security.demo.controller.AdminController#listUsers(Model, User)
2026-03-22 17:49:56.341 [http-nio-8080-exec-4] INFO  r.k.s.b.demo.aspect.LoggingAspect        - >>>> [AOP LOG] Entering: ru.kata.spring.boot_security.demo.controller.AdminController.listUsers()
2026-03-22 17:49:56.342 [http-nio-8080-exec-4] INFO  r.k.s.b.demo.aspect.LoggingAspect        - >>>> [AOP ARGS] Arguments: [{}, ru.kata.spring.boot_security.demo.model.User@5dbbda94]
2026-03-22 17:49:56.344 [http-nio-8080-exec-4] INFO  r.k.s.b.demo.aspect.LoggingAspect        - >>>> [AOP LOG] Entering: ru.kata.spring.boot_security.demo.service.impl.UserServiceImpl.getAllUsers()
2026-03-22 17:49:56.346 [http-nio-8080-exec-4] DEBUG org.hibernate.SQL                        - select distinct user0_.id as id1_1_0_, role2_.id as id1_0_1_, user0_.age as age2_1_0_, user0_.email as email3_1_0_, user0_.last_name as last_nam4_1_0_, user0_.name as name5_1_0_, user0_.password as password6_1_0_, role2_.name as name2_0_1_, roles1_.user_id as user_id1_2_0__, roles1_.role_id as role_id2_2_0__ from users user0_ left outer join users_roles roles1_ on user0_.id=roles1_.user_id left outer join roles role2_ on roles1_.role_id=role2_.id
2026-03-22 17:49:56.350 [http-nio-8080-exec-4] INFO  r.k.s.b.demo.aspect.LoggingAspect        - >>>> [AOP LOG] Entering: ru.kata.spring.boot_security.demo.service.impl.RoleServiceImpl.getAllRoles()
2026-03-22 17:49:56.359 [http-nio-8080-exec-4] DEBUG org.hibernate.SQL                        - select role0_.id as id1_0_, role0_.name as name2_0_ from roles role0_
2026-03-22 17:49:56.586 [http-nio-8080-exec-4] DEBUG o.s.s.w.c.SecurityContextPersistenceFilter - Cleared SecurityContextHolder to complete request
2026-03-22 17:54:38.735 [http-nio-8080-exec-7] DEBUG o.s.security.web.FilterChainProxy        - Securing POST /admin/add
2026-03-22 17:54:38.735 [http-nio-8080-exec-7] DEBUG o.s.s.w.c.HttpSessionSecurityContextRepository - Retrieved SecurityContextImpl [Authentication=UsernamePasswordAuthenticationToken [Principal=ru.kata.spring.boot_security.demo.model.User@5dbbda94, Credentials=[PROTECTED], Authenticated=true, Details=WebAuthenticationDetails [RemoteIpAddress=0:0:0:0:0:0:0:1, SessionId=520CC20388733771A115DA57F86CFCA0], Granted Authorities=[ru.kata.spring.boot_security.demo.model.Role@bbe301f3, ru.kata.spring.boot_security.demo.model.Role@bf5c3a06]]]
2026-03-22 17:54:38.735 [http-nio-8080-exec-7] DEBUG o.s.s.w.c.SecurityContextPersistenceFilter - Set SecurityContextHolder to SecurityContextImpl [Authentication=UsernamePasswordAuthenticationToken [Principal=ru.kata.spring.boot_security.demo.model.User@5dbbda94, Credentials=[PROTECTED], Authenticated=true, Details=WebAuthenticationDetails [RemoteIpAddress=0:0:0:0:0:0:0:1, SessionId=520CC20388733771A115DA57F86CFCA0], Granted Authorities=[ru.kata.spring.boot_security.demo.model.Role@bbe301f3, ru.kata.spring.boot_security.demo.model.Role@bf5c3a06]]]
2026-03-22 17:54:38.736 [http-nio-8080-exec-7] DEBUG o.s.s.w.a.i.FilterSecurityInterceptor    - Authorized filter invocation [POST /admin/add] with attributes [hasRole('ROLE_ADMIN')]
2026-03-22 17:54:38.736 [http-nio-8080-exec-7] DEBUG o.s.security.web.FilterChainProxy        - Secured POST /admin/add
2026-03-22 17:54:38.737 [http-nio-8080-exec-7] DEBUG o.s.w.s.m.m.a.RequestMappingHandlerMapping - Mapped to ru.kata.spring.boot_security.demo.controller.AdminController#addUser(User, BindingResult, List, Model, User)
2026-03-22 17:54:38.777 [http-nio-8080-exec-7] INFO  r.k.s.b.demo.aspect.LoggingAspect        - >>>> [AOP LOG] Entering: ru.kata.spring.boot_security.demo.controller.AdminController.addUser()
2026-03-22 17:54:38.778 [http-nio-8080-exec-7] INFO  r.k.s.b.demo.aspect.LoggingAspect        - >>>> [AOP ARGS] Arguments: [ru.kata.spring.boot_security.demo.model.User@1e8f149, org.springframework.validation.BeanPropertyBindingResult: 1 errors
Field error in object 'newUser' on field 'age': rejected value [333]; codes [Max.newUser.age,Max.age,Max.java.lang.Integer,Max]; arguments [org.springframework.context.support.DefaultMessageSourceResolvable: codes [newUser.age,age]; arguments []; default message [age],120]; default message [Возраст не может быть больше 120], [2], {newUser=ru.kata.spring.boot_security.demo.model.User@1e8f149, org.springframework.validation.BindingResult.newUser=org.springframework.validation.BeanPropertyBindingResult: 1 errors
Field error in object 'newUser' on field 'age': rejected value [333]; codes [Max.newUser.age,Max.age,Max.java.lang.Integer,Max]; arguments [org.springframework.context.support.DefaultMessageSourceResolvable: codes [newUser.age,age]; arguments []; default message [age],120]; default message [Возраст не может быть больше 120]}, ru.kata.spring.boot_security.demo.model.User@5dbbda94]
2026-03-22 17:54:38.779 [http-nio-8080-exec-7] INFO  r.k.s.b.demo.aspect.LoggingAspect        - >>>> [AOP LOG] Entering: ru.kata.spring.boot_security.demo.service.impl.UserServiceImpl.getAllUsers()
2026-03-22 17:54:38.779 [http-nio-8080-exec-7] DEBUG org.hibernate.SQL                        - select distinct user0_.id as id1_1_0_, role2_.id as id1_0_1_, user0_.age as age2_1_0_, user0_.email as email3_1_0_, user0_.last_name as last_nam4_1_0_, user0_.name as name5_1_0_, user0_.password as password6_1_0_, role2_.name as name2_0_1_, roles1_.user_id as user_id1_2_0__, roles1_.role_id as role_id2_2_0__ from users user0_ left outer join users_roles roles1_ on user0_.id=roles1_.user_id left outer join roles role2_ on roles1_.role_id=role2_.id
2026-03-22 17:54:38.783 [http-nio-8080-exec-7] INFO  r.k.s.b.demo.aspect.LoggingAspect        - >>>> [AOP LOG] Entering: ru.kata.spring.boot_security.demo.service.impl.RoleServiceImpl.getAllRoles()
2026-03-22 17:54:38.783 [http-nio-8080-exec-7] DEBUG org.hibernate.SQL                        - select role0_.id as id1_0_, role0_.name as name2_0_ from roles role0_
2026-03-22 17:54:38.803 [http-nio-8080-exec-7] DEBUG o.s.s.w.c.SecurityContextPersistenceFilter - Cleared SecurityContextHolder to complete request
2026-03-22 17:54:44.205 [http-nio-8080-exec-8] DEBUG o.s.security.web.FilterChainProxy        - Securing POST /admin/add
2026-03-22 17:54:44.205 [http-nio-8080-exec-8] DEBUG o.s.s.w.c.HttpSessionSecurityContextRepository - Retrieved SecurityContextImpl [Authentication=UsernamePasswordAuthenticationToken [Principal=ru.kata.spring.boot_security.demo.model.User@5dbbda94, Credentials=[PROTECTED], Authenticated=true, Details=WebAuthenticationDetails [RemoteIpAddress=0:0:0:0:0:0:0:1, SessionId=520CC20388733771A115DA57F86CFCA0], Granted Authorities=[ru.kata.spring.boot_security.demo.model.Role@bbe301f3, ru.kata.spring.boot_security.demo.model.Role@bf5c3a06]]]
2026-03-22 17:54:44.205 [http-nio-8080-exec-8] DEBUG o.s.s.w.c.SecurityContextPersistenceFilter - Set SecurityContextHolder to SecurityContextImpl [Authentication=UsernamePasswordAuthenticationToken [Principal=ru.kata.spring.boot_security.demo.model.User@5dbbda94, Credentials=[PROTECTED], Authenticated=true, Details=WebAuthenticationDetails [RemoteIpAddress=0:0:0:0:0:0:0:1, SessionId=520CC20388733771A115DA57F86CFCA0], Granted Authorities=[ru.kata.spring.boot_security.demo.model.Role@bbe301f3, ru.kata.spring.boot_security.demo.model.Role@bf5c3a06]]]
2026-03-22 17:54:44.206 [http-nio-8080-exec-8] DEBUG o.s.s.w.a.i.FilterSecurityInterceptor    - Authorized filter invocation [POST /admin/add] with attributes [hasRole('ROLE_ADMIN')]
2026-03-22 17:54:44.206 [http-nio-8080-exec-8] DEBUG o.s.security.web.FilterChainProxy        - Secured POST /admin/add
2026-03-22 17:54:44.206 [http-nio-8080-exec-8] DEBUG o.s.w.s.m.m.a.RequestMappingHandlerMapping - Mapped to ru.kata.spring.boot_security.demo.controller.AdminController#addUser(User, BindingResult, List, Model, User)
2026-03-22 17:54:44.207 [http-nio-8080-exec-8] INFO  r.k.s.b.demo.aspect.LoggingAspect        - >>>> [AOP LOG] Entering: ru.kata.spring.boot_security.demo.controller.AdminController.addUser()
2026-03-22 17:54:44.209 [http-nio-8080-exec-8] INFO  r.k.s.b.demo.aspect.LoggingAspect        - >>>> [AOP ARGS] Arguments: [ru.kata.spring.boot_security.demo.model.User@326853c1, org.springframework.validation.BeanPropertyBindingResult: 2 errors
Field error in object 'newUser' on field 'password': rejected value []; codes [NotBlank.newUser.password,NotBlank.password,NotBlank.java.lang.String,NotBlank]; arguments [org.springframework.context.support.DefaultMessageSourceResolvable: codes [newUser.password,password]; arguments []; default message [password]]; default message [Пароль обязателен]
Field error in object 'newUser' on field 'password': rejected value []; codes [Size.newUser.password,Size.password,Size.java.lang.String,Size]; arguments [org.springframework.context.support.DefaultMessageSourceResolvable: codes [newUser.password,password]; arguments []; default message [password],100,3]; default message [Пароль должен быть от 3 до 100 символов], null, {newUser=ru.kata.spring.boot_security.demo.model.User@326853c1, org.springframework.validation.BindingResult.newUser=org.springframework.validation.BeanPropertyBindingResult: 2 errors
Field error in object 'newUser' on field 'password': rejected value []; codes [NotBlank.newUser.password,NotBlank.password,NotBlank.java.lang.String,NotBlank]; arguments [org.springframework.context.support.DefaultMessageSourceResolvable: codes [newUser.password,password]; arguments []; default message [password]]; default message [Пароль обязателен]
Field error in object 'newUser' on field 'password': rejected value []; codes [Size.newUser.password,Size.password,Size.java.lang.String,Size]; arguments [org.springframework.context.support.DefaultMessageSourceResolvable: codes [newUser.password,password]; arguments []; default message [password],100,3]; default message [Пароль должен быть от 3 до 100 символов]}, ru.kata.spring.boot_security.demo.model.User@5dbbda94]
2026-03-22 17:54:44.209 [http-nio-8080-exec-8] INFO  r.k.s.b.demo.aspect.LoggingAspect        - >>>> [AOP LOG] Entering: ru.kata.spring.boot_security.demo.service.impl.UserServiceImpl.getAllUsers()
2026-03-22 17:54:44.210 [http-nio-8080-exec-8] DEBUG org.hibernate.SQL                        - select distinct user0_.id as id1_1_0_, role2_.id as id1_0_1_, user0_.age as age2_1_0_, user0_.email as email3_1_0_, user0_.last_name as last_nam4_1_0_, user0_.name as name5_1_0_, user0_.password as password6_1_0_, role2_.name as name2_0_1_, roles1_.user_id as user_id1_2_0__, roles1_.role_id as role_id2_2_0__ from users user0_ left outer join users_roles roles1_ on user0_.id=roles1_.user_id left outer join roles role2_ on roles1_.role_id=role2_.id
2026-03-22 17:54:44.213 [http-nio-8080-exec-8] INFO  r.k.s.b.demo.aspect.LoggingAspect        - >>>> [AOP LOG] Entering: ru.kata.spring.boot_security.demo.service.impl.RoleServiceImpl.getAllRoles()
2026-03-22 17:54:44.214 [http-nio-8080-exec-8] DEBUG org.hibernate.SQL                        - select role0_.id as id1_0_, role0_.name as name2_0_ from roles role0_
2026-03-22 17:54:44.231 [http-nio-8080-exec-8] DEBUG o.s.s.w.c.SecurityContextPersistenceFilter - Cleared SecurityContextHolder to complete request
2026-03-22 17:54:48.740 [http-nio-8080-exec-9] DEBUG o.s.security.web.FilterChainProxy        - Securing POST /admin/add
2026-03-22 17:54:48.741 [http-nio-8080-exec-9] DEBUG o.s.s.w.c.HttpSessionSecurityContextRepository - Retrieved SecurityContextImpl [Authentication=UsernamePasswordAuthenticationToken [Principal=ru.kata.spring.boot_security.demo.model.User@5dbbda94, Credentials=[PROTECTED], Authenticated=true, Details=WebAuthenticationDetails [RemoteIpAddress=0:0:0:0:0:0:0:1, SessionId=520CC20388733771A115DA57F86CFCA0], Granted Authorities=[ru.kata.spring.boot_security.demo.model.Role@bbe301f3, ru.kata.spring.boot_security.demo.model.Role@bf5c3a06]]]
2026-03-22 17:54:48.741 [http-nio-8080-exec-9] DEBUG o.s.s.w.c.SecurityContextPersistenceFilter - Set SecurityContextHolder to SecurityContextImpl [Authentication=UsernamePasswordAuthenticationToken [Principal=ru.kata.spring.boot_security.demo.model.User@5dbbda94, Credentials=[PROTECTED], Authenticated=true, Details=WebAuthenticationDetails [RemoteIpAddress=0:0:0:0:0:0:0:1, SessionId=520CC20388733771A115DA57F86CFCA0], Granted Authorities=[ru.kata.spring.boot_security.demo.model.Role@bbe301f3, ru.kata.spring.boot_security.demo.model.Role@bf5c3a06]]]
2026-03-22 17:54:48.742 [http-nio-8080-exec-9] DEBUG o.s.s.w.a.i.FilterSecurityInterceptor    - Authorized filter invocation [POST /admin/add] with attributes [hasRole('ROLE_ADMIN')]
2026-03-22 17:54:48.742 [http-nio-8080-exec-9] DEBUG o.s.security.web.FilterChainProxy        - Secured POST /admin/add
2026-03-22 17:54:48.742 [http-nio-8080-exec-9] DEBUG o.s.w.s.m.m.a.RequestMappingHandlerMapping - Mapped to ru.kata.spring.boot_security.demo.controller.AdminController#addUser(User, BindingResult, List, Model, User)
2026-03-22 17:54:48.743 [http-nio-8080-exec-9] INFO  r.k.s.b.demo.aspect.LoggingAspect        - >>>> [AOP LOG] Entering: ru.kata.spring.boot_security.demo.controller.AdminController.addUser()
2026-03-22 17:54:48.744 [http-nio-8080-exec-9] INFO  r.k.s.b.demo.aspect.LoggingAspect        - >>>> [AOP ARGS] Arguments: [ru.kata.spring.boot_security.demo.model.User@2430df9d, org.springframework.validation.BeanPropertyBindingResult: 0 errors, null, {newUser=ru.kata.spring.boot_security.demo.model.User@2430df9d, org.springframework.validation.BindingResult.newUser=org.springframework.validation.BeanPropertyBindingResult: 0 errors}, ru.kata.spring.boot_security.demo.model.User@5dbbda94]
2026-03-22 17:54:48.744 [http-nio-8080-exec-9] INFO  r.k.s.b.demo.aspect.LoggingAspect        - >>>> [AOP LOG] Entering: ru.kata.spring.boot_security.demo.service.impl.UserServiceImpl.addUser()
2026-03-22 17:54:48.744 [http-nio-8080-exec-9] INFO  r.k.s.b.demo.aspect.LoggingAspect        - >>>> [AOP ARGS] Arguments: [ru.kata.spring.boot_security.demo.model.User@2430df9d, null]
2026-03-22 17:54:48.816 [http-nio-8080-exec-9] INFO  r.k.s.b.demo.aspect.LoggingAspect        - >>>> [AOP LOG] Entering: ru.kata.spring.boot_security.demo.service.impl.RoleServiceImpl.getRoleByName()
2026-03-22 17:54:48.816 [http-nio-8080-exec-9] INFO  r.k.s.b.demo.aspect.LoggingAspect        - >>>> [AOP ARGS] Arguments: [ROLE_USER]
2026-03-22 17:54:48.816 [http-nio-8080-exec-9] DEBUG org.hibernate.SQL                        - select role0_.id as id1_0_, role0_.name as name2_0_ from roles role0_ where role0_.name=? limit ?
2026-03-22 17:54:48.816 [http-nio-8080-exec-9] TRACE o.h.type.descriptor.sql.BasicBinder      - binding parameter [1] as [VARCHAR] - [ROLE_USER]
2026-03-22 17:54:48.827 [http-nio-8080-exec-9] DEBUG org.hibernate.SQL                        - insert into users (age, email, last_name, name, password) values (?, ?, ?, ?, ?)
2026-03-22 17:54:48.827 [http-nio-8080-exec-9] TRACE o.h.type.descriptor.sql.BasicBinder      - binding parameter [1] as [INTEGER] - [3]
2026-03-22 17:54:48.828 [http-nio-8080-exec-9] TRACE o.h.type.descriptor.sql.BasicBinder      - binding parameter [2] as [VARCHAR] - [89@mail.ru]
2026-03-22 17:54:48.828 [http-nio-8080-exec-9] TRACE o.h.type.descriptor.sql.BasicBinder      - binding parameter [3] as [VARCHAR] - [Печкин]
2026-03-22 17:54:48.828 [http-nio-8080-exec-9] TRACE o.h.type.descriptor.sql.BasicBinder      - binding parameter [4] as [VARCHAR] - [Коля]
2026-03-22 17:54:48.828 [http-nio-8080-exec-9] TRACE o.h.type.descriptor.sql.BasicBinder      - binding parameter [5] as [VARCHAR] - [$2a$10$CfthJdB5f7/lAjIKvgYLauQJbHcXz7wTKMyK1xwkFFD4UCs/wfc6y]
2026-03-22 17:54:48.835 [http-nio-8080-exec-9] DEBUG org.hibernate.SQL                        - insert into users_roles (user_id, role_id) values (?, ?)
2026-03-22 17:54:48.835 [http-nio-8080-exec-9] TRACE o.h.type.descriptor.sql.BasicBinder      - binding parameter [1] as [BIGINT] - [27]
2026-03-22 17:54:48.835 [http-nio-8080-exec-9] TRACE o.h.type.descriptor.sql.BasicBinder      - binding parameter [2] as [BIGINT] - [2]
2026-03-22 17:54:48.843 [http-nio-8080-exec-9] DEBUG o.s.s.w.c.SecurityContextPersistenceFilter - Cleared SecurityContextHolder to complete request
2026-03-22 17:54:48.847 [http-nio-8080-exec-10] DEBUG o.s.security.web.FilterChainProxy        - Securing GET /admin
2026-03-22 17:54:48.847 [http-nio-8080-exec-10] DEBUG o.s.s.w.c.HttpSessionSecurityContextRepository - Retrieved SecurityContextImpl [Authentication=UsernamePasswordAuthenticationToken [Principal=ru.kata.spring.boot_security.demo.model.User@5dbbda94, Credentials=[PROTECTED], Authenticated=true, Details=WebAuthenticationDetails [RemoteIpAddress=0:0:0:0:0:0:0:1, SessionId=520CC20388733771A115DA57F86CFCA0], Granted Authorities=[ru.kata.spring.boot_security.demo.model.Role@bbe301f3, ru.kata.spring.boot_security.demo.model.Role@bf5c3a06]]]
2026-03-22 17:54:48.847 [http-nio-8080-exec-10] DEBUG o.s.s.w.c.SecurityContextPersistenceFilter - Set SecurityContextHolder to SecurityContextImpl [Authentication=UsernamePasswordAuthenticationToken [Principal=ru.kata.spring.boot_security.demo.model.User@5dbbda94, Credentials=[PROTECTED], Authenticated=true, Details=WebAuthenticationDetails [RemoteIpAddress=0:0:0:0:0:0:0:1, SessionId=520CC20388733771A115DA57F86CFCA0], Granted Authorities=[ru.kata.spring.boot_security.demo.model.Role@bbe301f3, ru.kata.spring.boot_security.demo.model.Role@bf5c3a06]]]
2026-03-22 17:54:48.848 [http-nio-8080-exec-10] DEBUG o.s.s.w.a.i.FilterSecurityInterceptor    - Authorized filter invocation [GET /admin] with attributes [hasRole('ROLE_ADMIN')]
2026-03-22 17:54:48.848 [http-nio-8080-exec-10] DEBUG o.s.security.web.FilterChainProxy        - Secured GET /admin
2026-03-22 17:54:48.848 [http-nio-8080-exec-10] DEBUG o.s.w.s.m.m.a.RequestMappingHandlerMapping - Mapped to ru.kata.spring.boot_security.demo.controller.AdminController#listUsers(Model, User)
2026-03-22 17:54:48.848 [http-nio-8080-exec-10] INFO  r.k.s.b.demo.aspect.LoggingAspect        - >>>> [AOP LOG] Entering: ru.kata.spring.boot_security.demo.controller.AdminController.listUsers()
2026-03-22 17:54:48.848 [http-nio-8080-exec-10] INFO  r.k.s.b.demo.aspect.LoggingAspect        - >>>> [AOP ARGS] Arguments: [{}, ru.kata.spring.boot_security.demo.model.User@5dbbda94]
2026-03-22 17:54:48.849 [http-nio-8080-exec-10] INFO  r.k.s.b.demo.aspect.LoggingAspect        - >>>> [AOP LOG] Entering: ru.kata.spring.boot_security.demo.service.impl.UserServiceImpl.getAllUsers()
2026-03-22 17:54:48.850 [http-nio-8080-exec-10] DEBUG org.hibernate.SQL                        - select distinct user0_.id as id1_1_0_, role2_.id as id1_0_1_, user0_.age as age2_1_0_, user0_.email as email3_1_0_, user0_.last_name as last_nam4_1_0_, user0_.name as name5_1_0_, user0_.password as password6_1_0_, role2_.name as name2_0_1_, roles1_.user_id as user_id1_2_0__, roles1_.role_id as role_id2_2_0__ from users user0_ left outer join users_roles roles1_ on user0_.id=roles1_.user_id left outer join roles role2_ on roles1_.role_id=role2_.id
2026-03-22 17:54:48.852 [http-nio-8080-exec-10] INFO  r.k.s.b.demo.aspect.LoggingAspect        - >>>> [AOP LOG] Entering: ru.kata.spring.boot_security.demo.service.impl.RoleServiceImpl.getAllRoles()
2026-03-22 17:54:48.853 [http-nio-8080-exec-10] DEBUG org.hibernate.SQL                        - select role0_.id as id1_0_, role0_.name as name2_0_ from roles role0_
2026-03-22 17:54:48.867 [http-nio-8080-exec-10] DEBUG o.s.s.w.c.SecurityContextPersistenceFilter - Cleared SecurityContextHolder to complete request
2026-03-22 17:54:57.703 [http-nio-8080-exec-1] DEBUG o.s.security.web.FilterChainProxy        - Securing POST /admin/delete
2026-03-22 17:54:57.704 [http-nio-8080-exec-1] DEBUG o.s.s.w.c.HttpSessionSecurityContextRepository - Retrieved SecurityContextImpl [Authentication=UsernamePasswordAuthenticationToken [Principal=ru.kata.spring.boot_security.demo.model.User@5dbbda94, Credentials=[PROTECTED], Authenticated=true, Details=WebAuthenticationDetails [RemoteIpAddress=0:0:0:0:0:0:0:1, SessionId=520CC20388733771A115DA57F86CFCA0], Granted Authorities=[ru.kata.spring.boot_security.demo.model.Role@bbe301f3, ru.kata.spring.boot_security.demo.model.Role@bf5c3a06]]]
2026-03-22 17:54:57.704 [http-nio-8080-exec-1] DEBUG o.s.s.w.c.SecurityContextPersistenceFilter - Set SecurityContextHolder to SecurityContextImpl [Authentication=UsernamePasswordAuthenticationToken [Principal=ru.kata.spring.boot_security.demo.model.User@5dbbda94, Credentials=[PROTECTED], Authenticated=true, Details=WebAuthenticationDetails [RemoteIpAddress=0:0:0:0:0:0:0:1, SessionId=520CC20388733771A115DA57F86CFCA0], Granted Authorities=[ru.kata.spring.boot_security.demo.model.Role@bbe301f3, ru.kata.spring.boot_security.demo.model.Role@bf5c3a06]]]
2026-03-22 17:54:57.704 [http-nio-8080-exec-1] DEBUG o.s.s.w.a.i.FilterSecurityInterceptor    - Authorized filter invocation [POST /admin/delete] with attributes [hasRole('ROLE_ADMIN')]
2026-03-22 17:54:57.704 [http-nio-8080-exec-1] DEBUG o.s.security.web.FilterChainProxy        - Secured POST /admin/delete
2026-03-22 17:54:57.704 [http-nio-8080-exec-1] DEBUG o.s.w.s.m.m.a.RequestMappingHandlerMapping - Mapped to ru.kata.spring.boot_security.demo.controller.AdminController#deleteUser(Long)
2026-03-22 17:54:57.705 [http-nio-8080-exec-1] INFO  r.k.s.b.demo.aspect.LoggingAspect        - >>>> [AOP LOG] Entering: ru.kata.spring.boot_security.demo.controller.AdminController.deleteUser()
2026-03-22 17:54:57.705 [http-nio-8080-exec-1] INFO  r.k.s.b.demo.aspect.LoggingAspect        - >>>> [AOP ARGS] Arguments: [27]
2026-03-22 17:54:57.705 [http-nio-8080-exec-1] INFO  r.k.s.b.demo.aspect.LoggingAspect        - >>>> [AOP LOG] Entering: ru.kata.spring.boot_security.demo.service.impl.UserServiceImpl.removeUser()
2026-03-22 17:54:57.706 [http-nio-8080-exec-1] INFO  r.k.s.b.demo.aspect.LoggingAspect        - >>>> [AOP ARGS] Arguments: [27]
2026-03-22 17:54:57.709 [http-nio-8080-exec-1] DEBUG org.hibernate.SQL                        - delete from users_roles where (user_id) in (select id from users where id=?)
2026-03-22 17:54:57.709 [http-nio-8080-exec-1] TRACE o.h.type.descriptor.sql.BasicBinder      - binding parameter [1] as [BIGINT] - [27]
2026-03-22 17:54:57.711 [http-nio-8080-exec-1] DEBUG org.hibernate.SQL                        - delete from users where id=?
2026-03-22 17:54:57.711 [http-nio-8080-exec-1] TRACE o.h.type.descriptor.sql.BasicBinder      - binding parameter [1] as [BIGINT] - [27]
2026-03-22 17:54:57.714 [http-nio-8080-exec-1] DEBUG o.s.s.w.c.SecurityContextPersistenceFilter - Cleared SecurityContextHolder to complete request
2026-03-22 17:54:57.719 [http-nio-8080-exec-2] DEBUG o.s.security.web.FilterChainProxy        - Securing GET /admin
2026-03-22 17:54:57.719 [http-nio-8080-exec-2] DEBUG o.s.s.w.c.HttpSessionSecurityContextRepository - Retrieved SecurityContextImpl [Authentication=UsernamePasswordAuthenticationToken [Principal=ru.kata.spring.boot_security.demo.model.User@5dbbda94, Credentials=[PROTECTED], Authenticated=true, Details=WebAuthenticationDetails [RemoteIpAddress=0:0:0:0:0:0:0:1, SessionId=520CC20388733771A115DA57F86CFCA0], Granted Authorities=[ru.kata.spring.boot_security.demo.model.Role@bbe301f3, ru.kata.spring.boot_security.demo.model.Role@bf5c3a06]]]
2026-03-22 17:54:57.719 [http-nio-8080-exec-2] DEBUG o.s.s.w.c.SecurityContextPersistenceFilter - Set SecurityContextHolder to SecurityContextImpl [Authentication=UsernamePasswordAuthenticationToken [Principal=ru.kata.spring.boot_security.demo.model.User@5dbbda94, Credentials=[PROTECTED], Authenticated=true, Details=WebAuthenticationDetails [RemoteIpAddress=0:0:0:0:0:0:0:1, SessionId=520CC20388733771A115DA57F86CFCA0], Granted Authorities=[ru.kata.spring.boot_security.demo.model.Role@bbe301f3, ru.kata.spring.boot_security.demo.model.Role@bf5c3a06]]]
2026-03-22 17:54:57.719 [http-nio-8080-exec-2] DEBUG o.s.s.w.a.i.FilterSecurityInterceptor    - Authorized filter invocation [GET /admin] with attributes [hasRole('ROLE_ADMIN')]
2026-03-22 17:54:57.719 [http-nio-8080-exec-2] DEBUG o.s.security.web.FilterChainProxy        - Secured GET /admin
2026-03-22 17:54:57.719 [http-nio-8080-exec-2] DEBUG o.s.w.s.m.m.a.RequestMappingHandlerMapping - Mapped to ru.kata.spring.boot_security.demo.controller.AdminController#listUsers(Model, User)
2026-03-22 17:54:57.719 [http-nio-8080-exec-2] INFO  r.k.s.b.demo.aspect.LoggingAspect        - >>>> [AOP LOG] Entering: ru.kata.spring.boot_security.demo.controller.AdminController.listUsers()
2026-03-22 17:54:57.719 [http-nio-8080-exec-2] INFO  r.k.s.b.demo.aspect.LoggingAspect        - >>>> [AOP ARGS] Arguments: [{}, ru.kata.spring.boot_security.demo.model.User@5dbbda94]
2026-03-22 17:54:57.720 [http-nio-8080-exec-2] INFO  r.k.s.b.demo.aspect.LoggingAspect        - >>>> [AOP LOG] Entering: ru.kata.spring.boot_security.demo.service.impl.UserServiceImpl.getAllUsers()
2026-03-22 17:54:57.720 [http-nio-8080-exec-2] DEBUG org.hibernate.SQL                        - select distinct user0_.id as id1_1_0_, role2_.id as id1_0_1_, user0_.age as age2_1_0_, user0_.email as email3_1_0_, user0_.last_name as last_nam4_1_0_, user0_.name as name5_1_0_, user0_.password as password6_1_0_, role2_.name as name2_0_1_, roles1_.user_id as user_id1_2_0__, roles1_.role_id as role_id2_2_0__ from users user0_ left outer join users_roles roles1_ on user0_.id=roles1_.user_id left outer join roles role2_ on roles1_.role_id=role2_.id
2026-03-22 17:54:57.723 [http-nio-8080-exec-2] INFO  r.k.s.b.demo.aspect.LoggingAspect        - >>>> [AOP LOG] Entering: ru.kata.spring.boot_security.demo.service.impl.RoleServiceImpl.getAllRoles()
2026-03-22 17:54:57.723 [http-nio-8080-exec-2] DEBUG org.hibernate.SQL                        - select role0_.id as id1_0_, role0_.name as name2_0_ from roles role0_
2026-03-22 17:54:57.733 [http-nio-8080-exec-2] DEBUG o.s.s.w.c.SecurityContextPersistenceFilter - Cleared SecurityContextHolder to complete request
2026-03-22 17:55:04.016 [http-nio-8080-exec-3] DEBUG o.s.security.web.FilterChainProxy        - Securing POST /admin/delete
2026-03-22 17:55:04.016 [http-nio-8080-exec-3] DEBUG o.s.s.w.c.HttpSessionSecurityContextRepository - Retrieved SecurityContextImpl [Authentication=UsernamePasswordAuthenticationToken [Principal=ru.kata.spring.boot_security.demo.model.User@5dbbda94, Credentials=[PROTECTED], Authenticated=true, Details=WebAuthenticationDetails [RemoteIpAddress=0:0:0:0:0:0:0:1, SessionId=520CC20388733771A115DA57F86CFCA0], Granted Authorities=[ru.kata.spring.boot_security.demo.model.Role@bbe301f3, ru.kata.spring.boot_security.demo.model.Role@bf5c3a06]]]
2026-03-22 17:55:04.016 [http-nio-8080-exec-3] DEBUG o.s.s.w.c.SecurityContextPersistenceFilter - Set SecurityContextHolder to SecurityContextImpl [Authentication=UsernamePasswordAuthenticationToken [Principal=ru.kata.spring.boot_security.demo.model.User@5dbbda94, Credentials=[PROTECTED], Authenticated=true, Details=WebAuthenticationDetails [RemoteIpAddress=0:0:0:0:0:0:0:1, SessionId=520CC20388733771A115DA57F86CFCA0], Granted Authorities=[ru.kata.spring.boot_security.demo.model.Role@bbe301f3, ru.kata.spring.boot_security.demo.model.Role@bf5c3a06]]]
2026-03-22 17:55:04.017 [http-nio-8080-exec-3] DEBUG o.s.s.w.a.i.FilterSecurityInterceptor    - Authorized filter invocation [POST /admin/delete] with attributes [hasRole('ROLE_ADMIN')]
2026-03-22 17:55:04.017 [http-nio-8080-exec-3] DEBUG o.s.security.web.FilterChainProxy        - Secured POST /admin/delete
2026-03-22 17:55:04.017 [http-nio-8080-exec-3] DEBUG o.s.w.s.m.m.a.RequestMappingHandlerMapping - Mapped to ru.kata.spring.boot_security.demo.controller.AdminController#deleteUser(Long)
2026-03-22 17:55:04.017 [http-nio-8080-exec-3] INFO  r.k.s.b.demo.aspect.LoggingAspect        - >>>> [AOP LOG] Entering: ru.kata.spring.boot_security.demo.controller.AdminController.deleteUser()
2026-03-22 17:55:04.017 [http-nio-8080-exec-3] INFO  r.k.s.b.demo.aspect.LoggingAspect        - >>>> [AOP ARGS] Arguments: [25]
2026-03-22 17:55:04.018 [http-nio-8080-exec-3] INFO  r.k.s.b.demo.aspect.LoggingAspect        - >>>> [AOP LOG] Entering: ru.kata.spring.boot_security.demo.service.impl.UserServiceImpl.removeUser()
2026-03-22 17:55:04.018 [http-nio-8080-exec-3] INFO  r.k.s.b.demo.aspect.LoggingAspect        - >>>> [AOP ARGS] Arguments: [25]
2026-03-22 17:55:04.019 [http-nio-8080-exec-3] DEBUG org.hibernate.SQL                        - delete from users_roles where (user_id) in (select id from users where id=?)
2026-03-22 17:55:04.019 [http-nio-8080-exec-3] TRACE o.h.type.descriptor.sql.BasicBinder      - binding parameter [1] as [BIGINT] - [25]
2026-03-22 17:55:04.020 [http-nio-8080-exec-3] DEBUG org.hibernate.SQL                        - delete from users where id=?
2026-03-22 17:55:04.020 [http-nio-8080-exec-3] TRACE o.h.type.descriptor.sql.BasicBinder      - binding parameter [1] as [BIGINT] - [25]
2026-03-22 17:55:04.023 [http-nio-8080-exec-3] DEBUG o.s.s.w.c.SecurityContextPersistenceFilter - Cleared SecurityContextHolder to complete request
2026-03-22 17:55:04.027 [http-nio-8080-exec-4] DEBUG o.s.security.web.FilterChainProxy        - Securing GET /admin
2026-03-22 17:55:04.027 [http-nio-8080-exec-4] DEBUG o.s.s.w.c.HttpSessionSecurityContextRepository - Retrieved SecurityContextImpl [Authentication=UsernamePasswordAuthenticationToken [Principal=ru.kata.spring.boot_security.demo.model.User@5dbbda94, Credentials=[PROTECTED], Authenticated=true, Details=WebAuthenticationDetails [RemoteIpAddress=0:0:0:0:0:0:0:1, SessionId=520CC20388733771A115DA57F86CFCA0], Granted Authorities=[ru.kata.spring.boot_security.demo.model.Role@bbe301f3, ru.kata.spring.boot_security.demo.model.Role@bf5c3a06]]]
2026-03-22 17:55:04.027 [http-nio-8080-exec-4] DEBUG o.s.s.w.c.SecurityContextPersistenceFilter - Set SecurityContextHolder to SecurityContextImpl [Authentication=UsernamePasswordAuthenticationToken [Principal=ru.kata.spring.boot_security.demo.model.User@5dbbda94, Credentials=[PROTECTED], Authenticated=true, Details=WebAuthenticationDetails [RemoteIpAddress=0:0:0:0:0:0:0:1, SessionId=520CC20388733771A115DA57F86CFCA0], Granted Authorities=[ru.kata.spring.boot_security.demo.model.Role@bbe301f3, ru.kata.spring.boot_security.demo.model.Role@bf5c3a06]]]
2026-03-22 17:55:04.027 [http-nio-8080-exec-4] DEBUG o.s.s.w.a.i.FilterSecurityInterceptor    - Authorized filter invocation [GET /admin] with attributes [hasRole('ROLE_ADMIN')]
2026-03-22 17:55:04.028 [http-nio-8080-exec-4] DEBUG o.s.security.web.FilterChainProxy        - Secured GET /admin
2026-03-22 17:55:04.028 [http-nio-8080-exec-4] DEBUG o.s.w.s.m.m.a.RequestMappingHandlerMapping - Mapped to ru.kata.spring.boot_security.demo.controller.AdminController#listUsers(Model, User)
2026-03-22 17:55:04.028 [http-nio-8080-exec-4] INFO  r.k.s.b.demo.aspect.LoggingAspect        - >>>> [AOP LOG] Entering: ru.kata.spring.boot_security.demo.controller.AdminController.listUsers()
2026-03-22 17:55:04.028 [http-nio-8080-exec-4] INFO  r.k.s.b.demo.aspect.LoggingAspect        - >>>> [AOP ARGS] Arguments: [{}, ru.kata.spring.boot_security.demo.model.User@5dbbda94]
2026-03-22 17:55:04.029 [http-nio-8080-exec-4] INFO  r.k.s.b.demo.aspect.LoggingAspect        - >>>> [AOP LOG] Entering: ru.kata.spring.boot_security.demo.service.impl.UserServiceImpl.getAllUsers()
2026-03-22 17:55:04.030 [http-nio-8080-exec-4] DEBUG org.hibernate.SQL                        - select distinct user0_.id as id1_1_0_, role2_.id as id1_0_1_, user0_.age as age2_1_0_, user0_.email as email3_1_0_, user0_.last_name as last_nam4_1_0_, user0_.name as name5_1_0_, user0_.password as password6_1_0_, role2_.name as name2_0_1_, roles1_.user_id as user_id1_2_0__, roles1_.role_id as role_id2_2_0__ from users user0_ left outer join users_roles roles1_ on user0_.id=roles1_.user_id left outer join roles role2_ on roles1_.role_id=role2_.id
2026-03-22 17:55:04.032 [http-nio-8080-exec-4] INFO  r.k.s.b.demo.aspect.LoggingAspect        - >>>> [AOP LOG] Entering: ru.kata.spring.boot_security.demo.service.impl.RoleServiceImpl.getAllRoles()
2026-03-22 17:55:04.033 [http-nio-8080-exec-4] DEBUG org.hibernate.SQL                        - select role0_.id as id1_0_, role0_.name as name2_0_ from roles role0_
2026-03-22 17:55:04.042 [http-nio-8080-exec-4] DEBUG o.s.s.w.c.SecurityContextPersistenceFilter - Cleared SecurityContextHolder to complete request
2026-03-22 17:55:16.063 [http-nio-8080-exec-5] DEBUG o.s.security.web.FilterChainProxy        - Securing POST /logout
2026-03-22 17:55:16.064 [http-nio-8080-exec-5] DEBUG o.s.s.w.c.HttpSessionSecurityContextRepository - Retrieved SecurityContextImpl [Authentication=UsernamePasswordAuthenticationToken [Principal=ru.kata.spring.boot_security.demo.model.User@5dbbda94, Credentials=[PROTECTED], Authenticated=true, Details=WebAuthenticationDetails [RemoteIpAddress=0:0:0:0:0:0:0:1, SessionId=520CC20388733771A115DA57F86CFCA0], Granted Authorities=[ru.kata.spring.boot_security.demo.model.Role@bbe301f3, ru.kata.spring.boot_security.demo.model.Role@bf5c3a06]]]
2026-03-22 17:55:16.065 [http-nio-8080-exec-5] DEBUG o.s.s.w.c.SecurityContextPersistenceFilter - Set SecurityContextHolder to SecurityContextImpl [Authentication=UsernamePasswordAuthenticationToken [Principal=ru.kata.spring.boot_security.demo.model.User@5dbbda94, Credentials=[PROTECTED], Authenticated=true, Details=WebAuthenticationDetails [RemoteIpAddress=0:0:0:0:0:0:0:1, SessionId=520CC20388733771A115DA57F86CFCA0], Granted Authorities=[ru.kata.spring.boot_security.demo.model.Role@bbe301f3, ru.kata.spring.boot_security.demo.model.Role@bf5c3a06]]]
2026-03-22 17:55:16.065 [http-nio-8080-exec-5] DEBUG o.s.s.w.a.logout.LogoutFilter            - Logging out [UsernamePasswordAuthenticationToken [Principal=ru.kata.spring.boot_security.demo.model.User@5dbbda94, Credentials=[PROTECTED], Authenticated=true, Details=WebAuthenticationDetails [RemoteIpAddress=0:0:0:0:0:0:0:1, SessionId=520CC20388733771A115DA57F86CFCA0], Granted Authorities=[ru.kata.spring.boot_security.demo.model.Role@bbe301f3, ru.kata.spring.boot_security.demo.model.Role@bf5c3a06]]]
2026-03-22 17:55:16.065 [http-nio-8080-exec-5] DEBUG o.s.s.w.a.l.SecurityContextLogoutHandler - Invalidated session 979D1C7F848512637BEA51C00363328E
2026-03-22 17:55:16.065 [http-nio-8080-exec-5] DEBUG o.s.s.web.DefaultRedirectStrategy        - Redirecting to /login
2026-03-22 17:55:16.065 [http-nio-8080-exec-5] DEBUG o.s.s.w.c.HttpSessionSecurityContextRepository - Did not store empty SecurityContext
2026-03-22 17:55:16.065 [http-nio-8080-exec-5] DEBUG o.s.s.w.c.HttpSessionSecurityContextRepository - Did not store empty SecurityContext
2026-03-22 17:55:16.066 [http-nio-8080-exec-5] DEBUG o.s.s.w.c.SecurityContextPersistenceFilter - Cleared SecurityContextHolder to complete request
2026-03-22 17:55:16.071 [http-nio-8080-exec-6] DEBUG o.s.security.web.FilterChainProxy        - Securing GET /login
2026-03-22 17:55:16.071 [http-nio-8080-exec-6] DEBUG o.s.s.w.c.SecurityContextPersistenceFilter - Set SecurityContextHolder to empty SecurityContext
2026-03-22 17:55:16.072 [http-nio-8080-exec-6] DEBUG o.s.s.w.c.HttpSessionSecurityContextRepository - Did not store empty SecurityContext
2026-03-22 17:55:16.072 [http-nio-8080-exec-6] DEBUG o.s.s.w.c.HttpSessionSecurityContextRepository - Did not store empty SecurityContext
2026-03-22 17:55:16.072 [http-nio-8080-exec-6] DEBUG o.s.s.w.c.SecurityContextPersistenceFilter - Cleared SecurityContextHolder to complete request
2026-03-22 17:55:23.284 [http-nio-8080-exec-7] DEBUG o.s.security.web.FilterChainProxy        - Securing POST /login
2026-03-22 17:55:23.284 [http-nio-8080-exec-7] DEBUG o.s.s.w.c.SecurityContextPersistenceFilter - Set SecurityContextHolder to empty SecurityContext
2026-03-22 17:55:23.285 [http-nio-8080-exec-7] INFO  r.k.s.b.demo.aspect.LoggingAspect        - >>>> [AOP LOG] Entering: ru.kata.spring.boot_security.demo.service.CustomUserDetailsService.loadUserByUsername()
2026-03-22 17:55:23.285 [http-nio-8080-exec-7] INFO  r.k.s.b.demo.aspect.LoggingAspect        - >>>> [AOP ARGS] Arguments: [pavel@example.com]
2026-03-22 17:55:23.285 [http-nio-8080-exec-7] INFO  r.k.s.b.d.s.CustomUserDetailsService     - Loading user details: email=pavel@example.com
2026-03-22 17:55:23.285 [http-nio-8080-exec-7] DEBUG org.hibernate.SQL                        - select user0_.id as id1_1_0_, role2_.id as id1_0_1_, user0_.age as age2_1_0_, user0_.email as email3_1_0_, user0_.last_name as last_nam4_1_0_, user0_.name as name5_1_0_, user0_.password as password6_1_0_, role2_.name as name2_0_1_, roles1_.user_id as user_id1_2_0__, roles1_.role_id as role_id2_2_0__ from users user0_ left outer join users_roles roles1_ on user0_.id=roles1_.user_id left outer join roles role2_ on roles1_.role_id=role2_.id where user0_.email=?
2026-03-22 17:55:23.286 [http-nio-8080-exec-7] TRACE o.h.type.descriptor.sql.BasicBinder      - binding parameter [1] as [VARCHAR] - [pavel@example.com]
2026-03-22 17:55:23.357 [http-nio-8080-exec-7] DEBUG o.s.s.a.d.DaoAuthenticationProvider      - Authenticated user
2026-03-22 17:55:23.357 [http-nio-8080-exec-7] DEBUG o.s.s.w.a.s.ChangeSessionIdAuthenticationStrategy - Changed session id from 5EEE030024197B30376CDAF75098CE80
2026-03-22 17:55:23.357 [http-nio-8080-exec-7] DEBUG o.s.s.w.c.CsrfAuthenticationStrategy     - Replaced CSRF Token
2026-03-22 17:55:23.357 [http-nio-8080-exec-7] DEBUG o.s.s.w.a.UsernamePasswordAuthenticationFilter - Set SecurityContextHolder to UsernamePasswordAuthenticationToken [Principal=ru.kata.spring.boot_security.demo.model.User@274713c3, Credentials=[PROTECTED], Authenticated=true, Details=WebAuthenticationDetails [RemoteIpAddress=0:0:0:0:0:0:0:1, SessionId=5EEE030024197B30376CDAF75098CE80], Granted Authorities=[ru.kata.spring.boot_security.demo.model.Role@bbe301f3, ru.kata.spring.boot_security.demo.model.Role@bf5c3a06]]
2026-03-22 17:55:23.357 [http-nio-8080-exec-7] DEBUG o.s.s.w.c.HttpSessionSecurityContextRepository - Stored SecurityContextImpl [Authentication=UsernamePasswordAuthenticationToken [Principal=ru.kata.spring.boot_security.demo.model.User@274713c3, Credentials=[PROTECTED], Authenticated=true, Details=WebAuthenticationDetails [RemoteIpAddress=0:0:0:0:0:0:0:1, SessionId=5EEE030024197B30376CDAF75098CE80], Granted Authorities=[ru.kata.spring.boot_security.demo.model.Role@bbe301f3, ru.kata.spring.boot_security.demo.model.Role@bf5c3a06]]] to HttpSession [org.apache.catalina.session.StandardSessionFacade@2905c75]
2026-03-22 17:55:23.357 [http-nio-8080-exec-7] DEBUG o.s.s.w.c.HttpSessionSecurityContextRepository - Stored SecurityContextImpl [Authentication=UsernamePasswordAuthenticationToken [Principal=ru.kata.spring.boot_security.demo.model.User@274713c3, Credentials=[PROTECTED], Authenticated=true, Details=WebAuthenticationDetails [RemoteIpAddress=0:0:0:0:0:0:0:1, SessionId=5EEE030024197B30376CDAF75098CE80], Granted Authorities=[ru.kata.spring.boot_security.demo.model.Role@bbe301f3, ru.kata.spring.boot_security.demo.model.Role@bf5c3a06]]] to HttpSession [org.apache.catalina.session.StandardSessionFacade@2905c75]
2026-03-22 17:55:23.357 [http-nio-8080-exec-7] DEBUG o.s.s.w.c.SecurityContextPersistenceFilter - Cleared SecurityContextHolder to complete request
2026-03-22 17:55:23.361 [http-nio-8080-exec-8] DEBUG o.s.security.web.FilterChainProxy        - Securing GET /admin
2026-03-22 17:55:23.361 [http-nio-8080-exec-8] DEBUG o.s.s.w.c.HttpSessionSecurityContextRepository - Retrieved SecurityContextImpl [Authentication=UsernamePasswordAuthenticationToken [Principal=ru.kata.spring.boot_security.demo.model.User@274713c3, Credentials=[PROTECTED], Authenticated=true, Details=WebAuthenticationDetails [RemoteIpAddress=0:0:0:0:0:0:0:1, SessionId=5EEE030024197B30376CDAF75098CE80], Granted Authorities=[ru.kata.spring.boot_security.demo.model.Role@bbe301f3, ru.kata.spring.boot_security.demo.model.Role@bf5c3a06]]]
2026-03-22 17:55:23.361 [http-nio-8080-exec-8] DEBUG o.s.s.w.c.SecurityContextPersistenceFilter - Set SecurityContextHolder to SecurityContextImpl [Authentication=UsernamePasswordAuthenticationToken [Principal=ru.kata.spring.boot_security.demo.model.User@274713c3, Credentials=[PROTECTED], Authenticated=true, Details=WebAuthenticationDetails [RemoteIpAddress=0:0:0:0:0:0:0:1, SessionId=5EEE030024197B30376CDAF75098CE80], Granted Authorities=[ru.kata.spring.boot_security.demo.model.Role@bbe301f3, ru.kata.spring.boot_security.demo.model.Role@bf5c3a06]]]
2026-03-22 17:55:23.362 [http-nio-8080-exec-8] DEBUG o.s.s.w.a.i.FilterSecurityInterceptor    - Authorized filter invocation [GET /admin] with attributes [hasRole('ROLE_ADMIN')]
2026-03-22 17:55:23.362 [http-nio-8080-exec-8] DEBUG o.s.security.web.FilterChainProxy        - Secured GET /admin
2026-03-22 17:55:23.362 [http-nio-8080-exec-8] DEBUG o.s.w.s.m.m.a.RequestMappingHandlerMapping - Mapped to ru.kata.spring.boot_security.demo.controller.AdminController#listUsers(Model, User)
2026-03-22 17:55:23.362 [http-nio-8080-exec-8] INFO  r.k.s.b.demo.aspect.LoggingAspect        - >>>> [AOP LOG] Entering: ru.kata.spring.boot_security.demo.controller.AdminController.listUsers()
2026-03-22 17:55:23.362 [http-nio-8080-exec-8] INFO  r.k.s.b.demo.aspect.LoggingAspect        - >>>> [AOP ARGS] Arguments: [{}, ru.kata.spring.boot_security.demo.model.User@274713c3]
2026-03-22 17:55:23.363 [http-nio-8080-exec-8] INFO  r.k.s.b.demo.aspect.LoggingAspect        - >>>> [AOP LOG] Entering: ru.kata.spring.boot_security.demo.service.impl.UserServiceImpl.getAllUsers()
2026-03-22 17:55:23.363 [http-nio-8080-exec-8] DEBUG org.hibernate.SQL                        - select distinct user0_.id as id1_1_0_, role2_.id as id1_0_1_, user0_.age as age2_1_0_, user0_.email as email3_1_0_, user0_.last_name as last_nam4_1_0_, user0_.name as name5_1_0_, user0_.password as password6_1_0_, role2_.name as name2_0_1_, roles1_.user_id as user_id1_2_0__, roles1_.role_id as role_id2_2_0__ from users user0_ left outer join users_roles roles1_ on user0_.id=roles1_.user_id left outer join roles role2_ on roles1_.role_id=role2_.id
2026-03-22 17:55:23.365 [http-nio-8080-exec-8] INFO  r.k.s.b.demo.aspect.LoggingAspect        - >>>> [AOP LOG] Entering: ru.kata.spring.boot_security.demo.service.impl.RoleServiceImpl.getAllRoles()
2026-03-22 17:55:23.365 [http-nio-8080-exec-8] DEBUG org.hibernate.SQL                        - select role0_.id as id1_0_, role0_.name as name2_0_ from roles role0_
2026-03-22 17:55:23.374 [http-nio-8080-exec-8] DEBUG o.s.s.w.c.SecurityContextPersistenceFilter - Cleared SecurityContextHolder to complete request
2026-03-22 17:55:33.751 [http-nio-8080-exec-9] DEBUG o.s.security.web.FilterChainProxy        - Securing POST /logout
2026-03-22 17:55:33.752 [http-nio-8080-exec-9] DEBUG o.s.s.w.c.HttpSessionSecurityContextRepository - Retrieved SecurityContextImpl [Authentication=UsernamePasswordAuthenticationToken [Principal=ru.kata.spring.boot_security.demo.model.User@274713c3, Credentials=[PROTECTED], Authenticated=true, Details=WebAuthenticationDetails [RemoteIpAddress=0:0:0:0:0:0:0:1, SessionId=5EEE030024197B30376CDAF75098CE80], Granted Authorities=[ru.kata.spring.boot_security.demo.model.Role@bbe301f3, ru.kata.spring.boot_security.demo.model.Role@bf5c3a06]]]
2026-03-22 17:55:33.752 [http-nio-8080-exec-9] DEBUG o.s.s.w.c.SecurityContextPersistenceFilter - Set SecurityContextHolder to SecurityContextImpl [Authentication=UsernamePasswordAuthenticationToken [Principal=ru.kata.spring.boot_security.demo.model.User@274713c3, Credentials=[PROTECTED], Authenticated=true, Details=WebAuthenticationDetails [RemoteIpAddress=0:0:0:0:0:0:0:1, SessionId=5EEE030024197B30376CDAF75098CE80], Granted Authorities=[ru.kata.spring.boot_security.demo.model.Role@bbe301f3, ru.kata.spring.boot_security.demo.model.Role@bf5c3a06]]]
2026-03-22 17:55:33.752 [http-nio-8080-exec-9] DEBUG o.s.s.w.a.logout.LogoutFilter            - Logging out [UsernamePasswordAuthenticationToken [Principal=ru.kata.spring.boot_security.demo.model.User@274713c3, Credentials=[PROTECTED], Authenticated=true, Details=WebAuthenticationDetails [RemoteIpAddress=0:0:0:0:0:0:0:1, SessionId=5EEE030024197B30376CDAF75098CE80], Granted Authorities=[ru.kata.spring.boot_security.demo.model.Role@bbe301f3, ru.kata.spring.boot_security.demo.model.Role@bf5c3a06]]]
2026-03-22 17:55:33.752 [http-nio-8080-exec-9] DEBUG o.s.s.w.a.l.SecurityContextLogoutHandler - Invalidated session D18CF79878B38C07E48EC0D6EFDB65A2
2026-03-22 17:55:33.752 [http-nio-8080-exec-9] DEBUG o.s.s.web.DefaultRedirectStrategy        - Redirecting to /login
2026-03-22 17:55:33.752 [http-nio-8080-exec-9] DEBUG o.s.s.w.c.HttpSessionSecurityContextRepository - Did not store empty SecurityContext
2026-03-22 17:55:33.752 [http-nio-8080-exec-9] DEBUG o.s.s.w.c.HttpSessionSecurityContextRepository - Did not store empty SecurityContext
2026-03-22 17:55:33.752 [http-nio-8080-exec-9] DEBUG o.s.s.w.c.SecurityContextPersistenceFilter - Cleared SecurityContextHolder to complete request
2026-03-22 17:55:33.757 [http-nio-8080-exec-10] DEBUG o.s.security.web.FilterChainProxy        - Securing GET /login
2026-03-22 17:55:33.757 [http-nio-8080-exec-10] DEBUG o.s.s.w.c.SecurityContextPersistenceFilter - Set SecurityContextHolder to empty SecurityContext
2026-03-22 17:55:33.757 [http-nio-8080-exec-10] DEBUG o.s.s.w.c.HttpSessionSecurityContextRepository - Did not store empty SecurityContext
2026-03-22 17:55:33.757 [http-nio-8080-exec-10] DEBUG o.s.s.w.c.HttpSessionSecurityContextRepository - Did not store empty SecurityContext
2026-03-22 17:55:33.757 [http-nio-8080-exec-10] DEBUG o.s.s.w.c.SecurityContextPersistenceFilter - Cleared SecurityContextHolder to complete request
